[2023-06-18 12:31:10:801] [INFO] - org.hibernate.validator.internal.util.Version.<clinit>(Version.java:21) - HV000001: Hibernate Validator 8.0.0.Final
[2023-06-18 12:31:10:900] [INFO] - org.springframework.boot.logging.DeferredLog.logTo(DeferredLog.java:250) - Devtools property defaults active! Set 'spring.devtools.add-properties' to 'false' to disable
[2023-06-18 12:31:11:763] [INFO] - org.reflections.Reflections.scan(Reflections.java:232) - Reflections took 36 ms to scan 1 urls, producing 3 keys and 6 values 
[2023-06-18 12:31:11:802] [INFO] - org.reflections.Reflections.scan(Reflections.java:232) - Reflections took 22 ms to scan 1 urls, producing 4 keys and 9 values 
[2023-06-18 12:31:11:816] [INFO] - org.reflections.Reflections.scan(Reflections.java:232) - Reflections took 11 ms to scan 1 urls, producing 3 keys and 10 values 
[2023-06-18 12:31:11:822] [INFO] - org.reflections.Reflections.scan(Reflections.java:232) - Reflections took 3 ms to scan 2 urls, producing 0 keys and 0 values 
[2023-06-18 12:31:11:830] [INFO] - org.reflections.Reflections.scan(Reflections.java:232) - Reflections took 5 ms to scan 1 urls, producing 1 keys and 5 values 
[2023-06-18 12:31:11:857] [INFO] - org.reflections.Reflections.scan(Reflections.java:232) - Reflections took 21 ms to scan 1 urls, producing 1 keys and 7 values 
[2023-06-18 12:31:11:868] [INFO] - org.reflections.Reflections.scan(Reflections.java:232) - Reflections took 7 ms to scan 1 urls, producing 2 keys and 8 values 
[2023-06-18 12:31:11:874] [INFO] - org.reflections.Reflections.scan(Reflections.java:232) - Reflections took 2 ms to scan 2 urls, producing 0 keys and 0 values 
[2023-06-18 12:31:12:820] [WARN] - com.alibaba.cloud.nacos.client.NacosPropertySourceBuilder.loadNacosData(NacosPropertySourceBuilder.java:87) - Ignore the empty nacos configuration and get it based on dataId[smant-admin-gateway] & group[DEFAULT_GROUP]
[2023-06-18 12:31:12:874] [WARN] - com.alibaba.cloud.nacos.client.NacosPropertySourceBuilder.loadNacosData(NacosPropertySourceBuilder.java:87) - Ignore the empty nacos configuration and get it based on dataId[smant-admin-gateway.yml] & group[DEFAULT_GROUP]
[2023-06-18 12:31:12:944] [INFO] - org.springframework.cloud.bootstrap.config.PropertySourceBootstrapConfiguration.doInitialize(PropertySourceBootstrapConfiguration.java:134) - Located property source: [BootstrapPropertySource {name='bootstrapProperties-smant-admin-gateway-sdev.yml,DEFAULT_GROUP'}, BootstrapPropertySource {name='bootstrapProperties-smant-admin-gateway.yml,DEFAULT_GROUP'}, BootstrapPropertySource {name='bootstrapProperties-smant-admin-gateway,DEFAULT_GROUP'}, BootstrapPropertySource {name='bootstrapProperties-common-redis.yml,DEFAULT_GROUP'}, BootstrapPropertySource {name='bootstrapProperties-common-rabbitmq.yml,DEFAULT_GROUP'}]
[2023-06-18 12:31:12:987] [INFO] - org.springframework.boot.SpringApplication.logStartupProfileInfo(SpringApplication.java:639) - The following 1 profile is active: "sdev"
[2023-06-18 12:31:13:958] [INFO] - org.springframework.cloud.context.scope.GenericScope.setSerializationId(GenericScope.java:282) - BeanFactory id=a410cddd-a536-38a5-b40a-a727837d4965
[2023-06-18 12:31:15:315] [INFO] - org.springframework.cloud.gateway.route.RouteDefinitionRouteLocator.lambda$initFactories$1(RouteDefinitionRouteLocator.java:89) - Loaded RoutePredicateFactory [After]
[2023-06-18 12:31:15:319] [INFO] - org.springframework.cloud.gateway.route.RouteDefinitionRouteLocator.lambda$initFactories$1(RouteDefinitionRouteLocator.java:89) - Loaded RoutePredicateFactory [Before]
[2023-06-18 12:31:15:319] [INFO] - org.springframework.cloud.gateway.route.RouteDefinitionRouteLocator.lambda$initFactories$1(RouteDefinitionRouteLocator.java:89) - Loaded RoutePredicateFactory [Between]
[2023-06-18 12:31:15:320] [INFO] - org.springframework.cloud.gateway.route.RouteDefinitionRouteLocator.lambda$initFactories$1(RouteDefinitionRouteLocator.java:89) - Loaded RoutePredicateFactory [Cookie]
[2023-06-18 12:31:15:320] [INFO] - org.springframework.cloud.gateway.route.RouteDefinitionRouteLocator.lambda$initFactories$1(RouteDefinitionRouteLocator.java:89) - Loaded RoutePredicateFactory [Header]
[2023-06-18 12:31:15:321] [INFO] - org.springframework.cloud.gateway.route.RouteDefinitionRouteLocator.lambda$initFactories$1(RouteDefinitionRouteLocator.java:89) - Loaded RoutePredicateFactory [Host]
[2023-06-18 12:31:15:324] [INFO] - org.springframework.cloud.gateway.route.RouteDefinitionRouteLocator.lambda$initFactories$1(RouteDefinitionRouteLocator.java:89) - Loaded RoutePredicateFactory [Method]
[2023-06-18 12:31:15:324] [INFO] - org.springframework.cloud.gateway.route.RouteDefinitionRouteLocator.lambda$initFactories$1(RouteDefinitionRouteLocator.java:89) - Loaded RoutePredicateFactory [Path]
[2023-06-18 12:31:15:325] [INFO] - org.springframework.cloud.gateway.route.RouteDefinitionRouteLocator.lambda$initFactories$1(RouteDefinitionRouteLocator.java:89) - Loaded RoutePredicateFactory [Query]
[2023-06-18 12:31:15:325] [INFO] - org.springframework.cloud.gateway.route.RouteDefinitionRouteLocator.lambda$initFactories$1(RouteDefinitionRouteLocator.java:89) - Loaded RoutePredicateFactory [ReadBody]
[2023-06-18 12:31:15:327] [INFO] - org.springframework.cloud.gateway.route.RouteDefinitionRouteLocator.lambda$initFactories$1(RouteDefinitionRouteLocator.java:89) - Loaded RoutePredicateFactory [RemoteAddr]
[2023-06-18 12:31:15:328] [INFO] - org.springframework.cloud.gateway.route.RouteDefinitionRouteLocator.lambda$initFactories$1(RouteDefinitionRouteLocator.java:89) - Loaded RoutePredicateFactory [XForwardedRemoteAddr]
[2023-06-18 12:31:15:328] [INFO] - org.springframework.cloud.gateway.route.RouteDefinitionRouteLocator.lambda$initFactories$1(RouteDefinitionRouteLocator.java:89) - Loaded RoutePredicateFactory [Weight]
[2023-06-18 12:31:15:328] [INFO] - org.springframework.cloud.gateway.route.RouteDefinitionRouteLocator.lambda$initFactories$1(RouteDefinitionRouteLocator.java:89) - Loaded RoutePredicateFactory [CloudFoundryRouteService]
[2023-06-18 12:31:15:799] [INFO] - org.springframework.boot.devtools.autoconfigure.OptionalLiveReloadServer.startServer(OptionalLiveReloadServer.java:59) - LiveReload server is running on port 35729
[2023-06-18 12:31:16:009] [INFO] - org.springframework.boot.web.embedded.netty.NettyWebServer.start(NettyWebServer.java:111) - Netty started on port 8080
[2023-06-18 12:31:16:139] [INFO] - org.springframework.boot.StartupInfoLogger.logStarted(StartupInfoLogger.java:57) - Started SpringVersion in 6.166 seconds (process running for 13.387)
[2023-06-18 12:53:51:737] [INFO] - org.springframework.boot.devtools.autoconfigure.LocalDevToolsAutoConfiguration$RestartingClassPathChangeChangedEventListener.onApplicationEvent(LocalDevToolsAutoConfiguration.java:211) - Restarting due to 6 class path changes (0 additions, 6 deletions, 0 modifications)
